Determining if the pthread_create exist failed with the following output:
Change Dir: /home/yifan/irl_project/src/fetch_irl/build/CMakeFiles/CMakeTmp

Run Build Command:"/usr/bin/ninja" "cmTC_a3816"
[1/2] Building C object CMakeFiles/cmTC_a3816.dir/CheckSymbolExists.c.o
[2/2] Linking C executable cmTC_a3816
FAILED: cmTC_a3816 
: && /usr/bin/x86_64-linux-gnu-gcc-6   -rdynamic CMakeFiles/cmTC_a3816.dir/CheckSymbolExists.c.o  -o cmTC_a3816   && :
CMakeFiles/cmTC_a3816.dir/CheckSymbolExists.c.o: In function `main':
CheckSymbolExists.c:(.text+0x1b): undefined reference to `pthread_create'
collect2: error: ld returned 1 exit status
ninja: build stopped: subcommand failed.

File /home/yifan/irl_project/src/fetch_irl/build/CMakeFiles/CMakeTmp/CheckSymbolExists.c:
/* */
#include <pthread.h>

int main(int argc, char** argv)
{
  (void)argv;
#ifndef pthread_create
  return ((int*)(&pthread_create))[argc];
#else
  (void)argc;
  return 0;
#endif
}

Determining if the function pthread_create exists in the pthreads failed with the following output:
Change Dir: /home/yifan/irl_project/src/fetch_irl/build/CMakeFiles/CMakeTmp

Run Build Command:"/usr/bin/ninja" "cmTC_cce8f"
[1/2] Building C object CMakeFiles/cmTC_cce8f.dir/CheckFunctionExists.c.o
[2/2] Linking C executable cmTC_cce8f
FAILED: cmTC_cce8f 
: && /usr/bin/x86_64-linux-gnu-gcc-6 -DCHECK_FUNCTION_EXISTS=pthread_create  -rdynamic CMakeFiles/cmTC_cce8f.dir/CheckFunctionExists.c.o  -o cmTC_cce8f  -lpthreads && :
/usr/bin/x86_64-linux-gnu-ld: cannot find -lpthreads
collect2: error: ld returned 1 exit status
ninja: build stopped: subcommand failed.


